<?xml version="1.0" encoding="UTF-8"?>
<testng-results ignored="0" total="5" passed="5" failed="0" skipped="0">
  <reporter-output>
  </reporter-output>
  <suite started-at="2024-01-18T12:51:21 IST" name="Default suite" finished-at="2024-01-18T12:52:50 IST" duration-ms="89299">
    <groups>
      <group name="cucumber">
        <method signature="AbstractTestNGCucumberTests.runScenario(io.cucumber.testng.PickleWrapper,io.cucumber.testng.FeatureWrapper)[pri:0, instance:runner.TestRunner2@7dc0f706]" name="runScenario" class="io.cucumber.testng.AbstractTestNGCucumberTests"/>
      </group> <!-- cucumber -->
    </groups>
    <test started-at="2024-01-18T12:51:21 IST" name="Default test" finished-at="2024-01-18T12:52:50 IST" duration-ms="89299">
      <class name="runner.TestRunner2">
        <test-method is-config="true" signature="setUpClass(org.testng.ITestContext)[pri:0, instance:runner.TestRunner2@7dc0f706]" started-at="2024-01-18T12:51:21 IST" name="setUpClass" finished-at="2024-01-18T12:51:21 IST" duration-ms="600" status="PASS">
          <params>
            <param index="0">
              <value>
                <![CDATA[org.testng.TestRunner@75dbe490]]>
              </value>
            </param>
          </params>
          <reporter-output>
          </reporter-output>
        </test-method> <!-- setUpClass -->
        <test-method signature="runScenario(io.cucumber.testng.PickleWrapper,io.cucumber.testng.FeatureWrapper)[pri:0, instance:runner.TestRunner2@7dc0f706]" started-at="2024-01-18T12:51:21 IST" name="runScenario" description="Runs Cucumber Scenarios" data-provider="scenarios" finished-at="2024-01-18T12:51:46 IST" duration-ms="24280" status="PASS">
          <params>
            <param index="0">
              <value>
                <![CDATA["Enter  search term and verify  results"]]>
              </value>
            </param>
            <param index="1">
              <value>
                <![CDATA["Product Search Functionality"]]>
              </value>
            </param>
          </params>
          <reporter-output>
          </reporter-output>
        </test-method> <!-- runScenario -->
        <test-method signature="runScenario(io.cucumber.testng.PickleWrapper,io.cucumber.testng.FeatureWrapper)[pri:0, instance:runner.TestRunner2@7dc0f706]" started-at="2024-01-18T12:51:46 IST" name="runScenario" description="Runs Cucumber Scenarios" data-provider="scenarios" finished-at="2024-01-18T12:51:57 IST" duration-ms="10939" status="PASS">
          <params>
            <param index="0">
              <value>
                <![CDATA["Enter  search term and verify  results"]]>
              </value>
            </param>
            <param index="1">
              <value>
                <![CDATA["Product Search Functionality"]]>
              </value>
            </param>
          </params>
          <reporter-output>
          </reporter-output>
        </test-method> <!-- runScenario -->
        <test-method signature="runScenario(io.cucumber.testng.PickleWrapper,io.cucumber.testng.FeatureWrapper)[pri:0, instance:runner.TestRunner2@7dc0f706]" started-at="2024-01-18T12:51:57 IST" name="runScenario" description="Runs Cucumber Scenarios" data-provider="scenarios" finished-at="2024-01-18T12:52:08 IST" duration-ms="11836" status="PASS">
          <params>
            <param index="0">
              <value>
                <![CDATA["Enter  search term and verify  results"]]>
              </value>
            </param>
            <param index="1">
              <value>
                <![CDATA["Product Search Functionality"]]>
              </value>
            </param>
          </params>
          <reporter-output>
          </reporter-output>
        </test-method> <!-- runScenario -->
        <test-method signature="runScenario(io.cucumber.testng.PickleWrapper,io.cucumber.testng.FeatureWrapper)[pri:0, instance:runner.TestRunner2@7dc0f706]" started-at="2024-01-18T12:52:08 IST" name="runScenario" description="Runs Cucumber Scenarios" data-provider="scenarios" finished-at="2024-01-18T12:52:21 IST" duration-ms="13078" status="PASS">
          <params>
            <param index="0">
              <value>
                <![CDATA["Enter  search term and verify  results"]]>
              </value>
            </param>
            <param index="1">
              <value>
                <![CDATA["Product Search Functionality"]]>
              </value>
            </param>
          </params>
          <reporter-output>
          </reporter-output>
        </test-method> <!-- runScenario -->
        <test-method signature="runScenario(io.cucumber.testng.PickleWrapper,io.cucumber.testng.FeatureWrapper)[pri:0, instance:runner.TestRunner2@7dc0f706]" started-at="2024-01-18T12:52:21 IST" name="runScenario" description="Runs Cucumber Scenarios" data-provider="scenarios" finished-at="2024-01-18T12:52:48 IST" duration-ms="26382" status="PASS">
          <params>
            <param index="0">
              <value>
                <![CDATA["Enter  search term and verify  results"]]>
              </value>
            </param>
            <param index="1">
              <value>
                <![CDATA["Product Search Functionality"]]>
              </value>
            </param>
          </params>
          <reporter-output>
          </reporter-output>
        </test-method> <!-- runScenario -->
        <test-method is-config="true" signature="tearDownClass()[pri:0, instance:runner.TestRunner2@7dc0f706]" started-at="2024-01-18T12:52:48 IST" name="tearDownClass" finished-at="2024-01-18T12:52:50 IST" duration-ms="2124" status="PASS">
          <reporter-output>
          </reporter-output>
        </test-method> <!-- tearDownClass -->
      </class> <!-- runner.TestRunner2 -->
    </test> <!-- Default test -->
  </suite> <!-- Default suite -->
</testng-results>
