<?xml version="1.0" encoding="UTF-8"?>
<testng-results ignored="0" total="5" passed="5" failed="0" skipped="0">
  <reporter-output>
  </reporter-output>
  <suite started-at="2024-01-18T19:16:17 IST" name="Default suite" finished-at="2024-01-18T19:18:01 IST" duration-ms="104254">
    <groups>
      <group name="cucumber">
        <method signature="AbstractTestNGCucumberTests.runScenario(io.cucumber.testng.PickleWrapper,io.cucumber.testng.FeatureWrapper)[pri:0, instance:runner.TestRunner2@7dc0f706]" name="runScenario" class="io.cucumber.testng.AbstractTestNGCucumberTests"/>
      </group> <!-- cucumber -->
    </groups>
    <test started-at="2024-01-18T19:16:17 IST" name="Default test" finished-at="2024-01-18T19:18:01 IST" duration-ms="104254">
      <class name="runner.TestRunner2">
        <test-method is-config="true" signature="setUpClass(org.testng.ITestContext)[pri:0, instance:runner.TestRunner2@7dc0f706]" started-at="2024-01-18T19:16:17 IST" name="setUpClass" finished-at="2024-01-18T19:16:18 IST" duration-ms="850" status="PASS">
          <params>
            <param index="0">
              <value>
                <![CDATA[org.testng.TestRunner@5a96f3cb]]>
              </value>
            </param>
          </params>
          <reporter-output>
          </reporter-output>
        </test-method> <!-- setUpClass -->
        <test-method signature="runScenario(io.cucumber.testng.PickleWrapper,io.cucumber.testng.FeatureWrapper)[pri:0, instance:runner.TestRunner2@7dc0f706]" started-at="2024-01-18T19:16:18 IST" name="runScenario" description="Runs Cucumber Scenarios" data-provider="scenarios" finished-at="2024-01-18T19:16:47 IST" duration-ms="29055" status="PASS">
          <params>
            <param index="0">
              <value>
                <![CDATA["Enter  search term and verify  results"]]>
              </value>
            </param>
            <param index="1">
              <value>
                <![CDATA["Product Search Functionality"]]>
              </value>
            </param>
          </params>
          <reporter-output>
          </reporter-output>
        </test-method> <!-- runScenario -->
        <test-method signature="runScenario(io.cucumber.testng.PickleWrapper,io.cucumber.testng.FeatureWrapper)[pri:0, instance:runner.TestRunner2@7dc0f706]" started-at="2024-01-18T19:16:47 IST" name="runScenario" description="Runs Cucumber Scenarios" data-provider="scenarios" finished-at="2024-01-18T19:17:00 IST" duration-ms="13023" status="PASS">
          <params>
            <param index="0">
              <value>
                <![CDATA["Enter  search term and verify  results"]]>
              </value>
            </param>
            <param index="1">
              <value>
                <![CDATA["Product Search Functionality"]]>
              </value>
            </param>
          </params>
          <reporter-output>
          </reporter-output>
        </test-method> <!-- runScenario -->
        <test-method signature="runScenario(io.cucumber.testng.PickleWrapper,io.cucumber.testng.FeatureWrapper)[pri:0, instance:runner.TestRunner2@7dc0f706]" started-at="2024-01-18T19:17:00 IST" name="runScenario" description="Runs Cucumber Scenarios" data-provider="scenarios" finished-at="2024-01-18T19:17:22 IST" duration-ms="21814" status="PASS">
          <params>
            <param index="0">
              <value>
                <![CDATA["Enter  search term and verify  results"]]>
              </value>
            </param>
            <param index="1">
              <value>
                <![CDATA["Product Search Functionality"]]>
              </value>
            </param>
          </params>
          <reporter-output>
          </reporter-output>
        </test-method> <!-- runScenario -->
        <test-method signature="runScenario(io.cucumber.testng.PickleWrapper,io.cucumber.testng.FeatureWrapper)[pri:0, instance:runner.TestRunner2@7dc0f706]" started-at="2024-01-18T19:17:22 IST" name="runScenario" description="Runs Cucumber Scenarios" data-provider="scenarios" finished-at="2024-01-18T19:17:37 IST" duration-ms="15096" status="PASS">
          <params>
            <param index="0">
              <value>
                <![CDATA["Enter  search term and verify  results"]]>
              </value>
            </param>
            <param index="1">
              <value>
                <![CDATA["Product Search Functionality"]]>
              </value>
            </param>
          </params>
          <reporter-output>
          </reporter-output>
        </test-method> <!-- runScenario -->
        <test-method signature="runScenario(io.cucumber.testng.PickleWrapper,io.cucumber.testng.FeatureWrapper)[pri:0, instance:runner.TestRunner2@7dc0f706]" started-at="2024-01-18T19:17:37 IST" name="runScenario" description="Runs Cucumber Scenarios" data-provider="scenarios" finished-at="2024-01-18T19:17:58 IST" duration-ms="20982" status="PASS">
          <params>
            <param index="0">
              <value>
                <![CDATA["Enter  search term and verify  results"]]>
              </value>
            </param>
            <param index="1">
              <value>
                <![CDATA["Product Search Functionality"]]>
              </value>
            </param>
          </params>
          <reporter-output>
          </reporter-output>
        </test-method> <!-- runScenario -->
        <test-method is-config="true" signature="tearDownClass()[pri:0, instance:runner.TestRunner2@7dc0f706]" started-at="2024-01-18T19:17:58 IST" name="tearDownClass" finished-at="2024-01-18T19:18:01 IST" duration-ms="3341" status="PASS">
          <reporter-output>
          </reporter-output>
        </test-method> <!-- tearDownClass -->
      </class> <!-- runner.TestRunner2 -->
    </test> <!-- Default test -->
  </suite> <!-- Default suite -->
</testng-results>
